TN:
SF:src/server.ts
FN:10,(anonymous_1)
FN:13,(anonymous_2)
FNF:2
FNH:0
FNDA:0,(anonymous_1)
FNDA:0,(anonymous_2)
DA:1,1
DA:2,1
DA:4,1
DA:6,1
DA:7,1
DA:10,1
DA:12,0
DA:13,0
DA:14,0
DA:17,1
DA:18,0
LF:11
LH:7
BRDA:17,0,0,0
BRF:1
BRH:0
end_of_record
TN:
SF:src/users.ts
FN:9,(anonymous_0)
FN:17,(anonymous_1)
FNF:2
FNH:2
FNDA:3,(anonymous_0)
FNDA:3,(anonymous_1)
DA:1,1
DA:2,1
DA:4,1
DA:9,1
DA:10,3
DA:17,1
DA:18,3
DA:19,3
DA:20,1
DA:22,3
DA:23,3
DA:27,1
LF:12
LH:12
BRDA:19,0,0,1
BRF:1
BRH:1
end_of_record
TN:
SF:src/usersStore.ts
FN:10,getUsers
FN:16,createUser
FN:25,resetStore
FNF:3
FNH:3
FNDA:3,getUsers
FNDA:3,createUser
FNDA:5,resetStore
DA:5,1
DA:6,1
DA:10,1
DA:11,3
DA:16,1
DA:17,3
DA:18,3
DA:19,3
DA:25,1
DA:26,5
DA:27,5
LF:11
LH:11
BRF:0
BRH:0
end_of_record
